#
# There is insufficient memory for the Java Runtime Environment to continue.
# Native memory allocation (mmap) failed to map 268435456 bytes for Failed to commit area from 0x0000000701600000 to 0x0000000711600000 of length 268435456.
# Possible reasons:
#   The system is out of physical RAM or swap space
#   The process is running with CompressedOops enabled, and the Java Heap may be blocking the growth of the native heap
# Possible solutions:
#   Reduce memory load on the system
#   Increase physical memory or swap space
#   Check if swap backing store is full
#   Decrease Java heap size (-Xmx/-Xms)
#   Decrease number of Java threads
#   Decrease Java thread stack sizes (-Xss)
#   Set larger code cache with -XX:ReservedCodeCacheSize=
# This output file may be truncated or incomplete.
#
#  Out of Memory Error (./src/hotspot/os/windows/os_windows.cpp:3619), pid=14284, tid=17028
#
# JRE version:  (11.0.13) (build )
# Java VM: OpenJDK 64-Bit Server VM (11.0.13+0-b1751.21-8125866, mixed mode, sharing, tiered, compressed oops, g1 gc, windows-amd64)
# No core dump will be written. Minidumps are not enabled by default on client versions of Windows
#

---------------  S U M M A R Y ------------

Command Line: git4idea.http.GitAskPassApp Username for 'https://github.com': 

Host: Intel(R) Core(TM) i7-8550U CPU @ 1.80GHz, 8 cores, 15G,  Windows 11 , 64 bit Build 22000 (10.0.22000.1516)
Time: Wed Apr 12 05:57:37 2023 Morocco Standard Time elapsed time: 0.013595 seconds (0d 0h 0m 0s)

---------------  T H R E A D  ---------------

Current thread (0x000001cc06501800):  JavaThread "Unknown thread" [_thread_in_vm, id=17028, stack(0x000000107be00000,0x000000107bf00000)]

Stack: [0x000000107be00000,0x000000107bf00000]
Native frames: (J=compiled Java code, j=interpreted, Vv=VM code, C=native code)
V  [jvm.dll+0x6100fa]
V  [jvm.dll+0x747090]
V  [jvm.dll+0x7486ad]
V  [jvm.dll+0x748d83]
V  [jvm.dll+0x24ab48]
V  [jvm.dll+0x60d164]
V  [jvm.dll+0x601e75]
V  [jvm.dll+0x308bdb]
V  [jvm.dll+0x308b4a]
V  [jvm.dll+0x308a22]
V  [jvm.dll+0x30d986]
V  [jvm.dll+0x357093]
V  [jvm.dll+0x357796]
V  [jvm.dll+0x357193]
V  [jvm.dll+0x2e3448]
V  [jvm.dll+0x2e45f7]
V  [jvm.dll+0x7242e7]
V  [jvm.dll+0x725adc]
V  [jvm.dll+0x364629]
V  [jvm.dll+0x707cee]
V  [jvm.dll+0x3d2633]
V  [jvm.dll+0x3d4a21]
C  [jli.dll+0x536b]
C  [ucrtbase.dll+0x26c0c]
C  [KERNEL32.DLL+0x155a0]
C  [ntdll.dll+0x485b]


---------------  P R O C E S S  ---------------

Threads class SMR info:
_java_thread_list=0x000001cc04414ad0, length=0, elements={
}

Java Threads: ( => current thread )

Other Threads:
  0x000001cc0651a800 GCTaskThread "GC Thread#0" [stack: 0x000000107bf00000,0x000000107c000000] [id=2320]
  0x000001cc06577800 ConcurrentGCThread "G1 Main Marker" [stack: 0x000000107c000000,0x000000107c100000] [id=15716]
  0x000001cc06579800 ConcurrentGCThread "G1 Conc#0" [stack: 0x000000107c100000,0x000000107c200000] [id=10824]

[error occurred during error reporting (printing all threads), id 0xc0000005, EXCEPTION_ACCESS_VIOLATION (0xc0000005) at pc=0x00007ff9a5e93dd7]

VM state:not at safepoint (not fully initialized)

VM Mutex/Monitor currently owned by a thread:  ([mutex/lock_event])
[0x000001cc064fde80] Heap_lock - owner thread: 0x000001cc06501800

Heap address: 0x0000000701600000, size: 4074 MB, Compressed Oops mode: Non-zero based: 0x0000000701600000
Narrow klass base: 0x0000000000000000, Narrow klass shift: 0

GC Heap History (0 events):
No events

Deoptimization events (0 events):
No events

Classes redefined (0 events):
No events

Internal exceptions (0 events):
No events

Events (1 events):
Event: 0.008 Loaded shared library C:\Program Files\Android\Android Studio\jre\bin\zip.dll


Dynamic libraries:
0x00007ff77cc60000 - 0x00007ff77cc6a000 	C:\Program Files\Android\Android Studio\jre\bin\java.exe
0x00007ff9fc2a0000 - 0x00007ff9fc4a9000 	C:\WINDOWS\SYSTEM32\ntdll.dll
0x00007ff9fb790000 - 0x00007ff9fb84e000 	C:\WINDOWS\System32\KERNEL32.DLL
0x00007ff9f9b40000 - 0x00007ff9f9ebc000 	C:\WINDOWS\System32\KERNELBASE.dll
0x00007ff9f9890000 - 0x00007ff9f99a1000 	C:\WINDOWS\System32\ucrtbase.dll
0x00007ff9f3950000 - 0x00007ff9f3967000 	C:\Program Files\Android\Android Studio\jre\bin\VCRUNTIME140.dll
0x00007ff9f5b80000 - 0x00007ff9f5b99000 	C:\Program Files\Android\Android Studio\jre\bin\jli.dll
0x00007ff9fbee0000 - 0x00007ff9fc08d000 	C:\WINDOWS\System32\USER32.dll
0x00007ff9dab50000 - 0x00007ff9dadf5000 	C:\WINDOWS\WinSxS\amd64_microsoft.windows.common-controls_6595b64144ccf1df_6.0.22000.120_none_9d947278b86cc467\COMCTL32.dll
0x00007ff9fa0f0000 - 0x00007ff9fa116000 	C:\WINDOWS\System32\win32u.dll
0x00007ff9fb860000 - 0x00007ff9fb903000 	C:\WINDOWS\System32\msvcrt.dll
0x00007ff9fbeb0000 - 0x00007ff9fbed9000 	C:\WINDOWS\System32\GDI32.dll
0x00007ff9f9770000 - 0x00007ff9f9888000 	C:\WINDOWS\System32\gdi32full.dll
0x00007ff9f9a20000 - 0x00007ff9f9abd000 	C:\WINDOWS\System32\msvcp_win.dll
0x00007ff9fae90000 - 0x00007ff9faec1000 	C:\WINDOWS\System32\IMM32.DLL
0x00007ff9b8900000 - 0x00007ff9b899d000 	C:\Program Files\Android\Android Studio\jre\bin\msvcp140.dll
0x00007ff9a5ba0000 - 0x00007ff9a66a2000 	C:\Program Files\Android\Android Studio\jre\bin\server\jvm.dll
0x00007ff9fbcc0000 - 0x00007ff9fbd6e000 	C:\WINDOWS\System32\ADVAPI32.dll
0x00007ff9fac70000 - 0x00007ff9fad0e000 	C:\WINDOWS\System32\sechost.dll
0x00007ff9fad70000 - 0x00007ff9fae90000 	C:\WINDOWS\System32\RPCRT4.dll
0x00007ff9fa1c0000 - 0x00007ff9fa1c8000 	C:\WINDOWS\System32\PSAPI.DLL
0x00007ff9dd370000 - 0x00007ff9dd379000 	C:\WINDOWS\SYSTEM32\WSOCK32.dll
0x00007ff9f3ef0000 - 0x00007ff9f3f23000 	C:\WINDOWS\SYSTEM32\WINMM.dll
0x00007ff9fa700000 - 0x00007ff9fa76f000 	C:\WINDOWS\System32\WS2_32.dll
0x00007ff9f1c40000 - 0x00007ff9f1c4a000 	C:\WINDOWS\SYSTEM32\VERSION.dll
0x00007ff9f88e0000 - 0x00007ff9f88f8000 	C:\WINDOWS\SYSTEM32\kernel.appcore.dll
0x00007ff9a5b80000 - 0x00007ff9a5b91000 	C:\Program Files\Android\Android Studio\jre\bin\verify.dll
0x00007ff9f71d0000 - 0x00007ff9f73f1000 	C:\WINDOWS\SYSTEM32\DBGHELP.DLL
0x00007ff9e3ab0000 - 0x00007ff9e3ae1000 	C:\WINDOWS\SYSTEM32\dbgcore.DLL
0x00007ff9f9ac0000 - 0x00007ff9f9b3f000 	C:\WINDOWS\System32\bcryptPrimitives.dll
0x00007ff9a5b50000 - 0x00007ff9a5b79000 	C:\Program Files\Android\Android Studio\jre\bin\java.dll
0x00007ff9a5b40000 - 0x00007ff9a5b4b000 	C:\Program Files\Android\Android Studio\jre\bin\jimage.dll
0x00007ff9a5b20000 - 0x00007ff9a5b38000 	C:\Program Files\Android\Android Studio\jre\bin\zip.dll

dbghelp: loaded successfully - version: 4.0.5 - missing functions: none
symbol engine: initialized successfully - sym options: 0x614 - pdb path: .;C:\Program Files\Android\Android Studio\jre\bin;C:\WINDOWS\SYSTEM32;C:\WINDOWS\WinSxS\amd64_microsoft.windows.common-controls_6595b64144ccf1df_6.0.22000.120_none_9d947278b86cc467;C:\Program Files\Android\Android Studio\jre\bin\server

VM Arguments:
java_command: git4idea.http.GitAskPassApp Username for 'https://github.com': 
java_class_path (initial): C:/Program Files/Android/Android Studio/plugins/git4idea/lib/git4idea-rt.jar;C:/Program Files/Android/Android Studio/lib/3rd-party.jar;C:/Program Files/Android/Android Studio/lib/3rd-party-rt.jar
Launcher Type: SUN_STANDARD

[Global flags]
     intx CICompilerCount                          = 4                                         {product} {ergonomic}
     uint ConcGCThreads                            = 2                                         {product} {ergonomic}
     uint G1ConcRefinementThreads                  = 8                                         {product} {ergonomic}
   size_t G1HeapRegionSize                         = 1048576                                   {product} {ergonomic}
    uintx GCDrainStackTargetSize                   = 64                                        {product} {ergonomic}
   size_t InitialHeapSize                          = 268435456                                 {product} {ergonomic}
   size_t MarkStackSize                            = 4194304                                   {product} {ergonomic}
   size_t MaxHeapSize                              = 4271898624                                {product} {ergonomic}
   size_t MinHeapDeltaBytes                        = 1048576                                   {product} {ergonomic}
    uintx NonNMethodCodeHeapSize                   = 5836300                                {pd product} {ergonomic}
    uintx NonProfiledCodeHeapSize                  = 122910970                              {pd product} {ergonomic}
    uintx ProfiledCodeHeapSize                     = 122910970                              {pd product} {ergonomic}
    uintx ReservedCodeCacheSize                    = 251658240                              {pd product} {ergonomic}
     bool SegmentedCodeCache                       = true                                      {product} {ergonomic}
     bool UseCompressedClassPointers               = true                                 {lp64_product} {ergonomic}
     bool UseCompressedOops                        = true                                 {lp64_product} {ergonomic}
     bool UseG1GC                                  = true                                      {product} {ergonomic}
     bool UseLargePagesIndividualAllocation        = false                                  {pd product} {ergonomic}

Logging:
Log output configuration:
 #0: stdout all=warning uptime,level,tags
 #1: stderr all=off uptime,level,tags

Environment Variables:
JAVA_HOME=C:\Program Files\Java\jdk-11.0.14
PATH=C:\Program Files\Git\mingw64\libexec\git-core;C:\Program Files\Git\mingw64\libexec\git-core;C:\Program Files\Git\mingw64\bin;C:\Program Files\Git\usr\bin;C:\Users\hp\bin;C:\Program Files (x86)\VMware\VMware Workstation\bin;C:\Program Files\Common Files\Oracle\Java\javapath;C:\Program Files (x86)\Common Files\Oracle\Java\javapath;C:\WINDOWS\system32;C:\WINDOWS;C:\WINDOWS\System32\Wbem;C:\WINDOWS\System32\WindowsPowerShell\v1.0;C:\WINDOWS\System32\OpenSSH;C:\Program Files\Git\cmd;C:\Users\hp\AppData\Local\Android\Sdk\platform-tools;C:\Users\hp\AppData\Local\Android\Sdk\emulator;C:\Program Files\nodejs;C:\Program Files (x86)\NVIDIA Corporation\PhysX\Common;C:\Program Files\NVIDIA Corporation\NVIDIA NvDLISR;C:\WINDOWS\system32;C:\WINDOWS;C:\WINDOWS\System32\Wbem;C:\WINDOWS\System32\WindowsPowerShell\v1.0;C:\WINDOWS\System32\OpenSSH;C:\Program Files\OpenSSL-Win64\bin;C:\Program Files\Microsoft SQL Server\Client SDK\ODBC\170\Tools\Binn;C:\Program Files (x86)\Microsoft SQL Server\150\Tools\Binn;C:\Program Files\Microsoft SQL Server\150\Tools\Binn;C:\Program Files\Microsoft SQL Server\150\DTS\Binn;C:\tensorflow;C:\Users\hp\AppData\Local\Programs\Python\Python311\Scripts;C:\Users\hp\AppData\Local\Programs\Python\Python311;C:\Ruby31-x64\bin;C:\Program Files\Common Files\Oracle\Java\javapath;C:\Program Files (x86)\Common Files\Oracle\Java\javapath;C:\Program Files (x86)\VMware\VMware Workstation\bin;C:\Windows\system32;C:\Windows;C:\Windows\System32\Wbem;C:\Windows\System32\WindowsPowerShell\v1.0;C:\Windows\System32\OpenSSH;C:\Program Files\Git\cmd;C:\Users\hp\AppData\Local\Microsoft\WindowsApps;C:\Users\hp\AppData\Local\Android\Sdk\platform-tools;C:\Users\hp\AppData\Local\Android\Sdk\emulator;C:\Users\hp\AppData\Local\Microsoft\WindowsApps;C:\Users\hp\AppData\Local\Programs\Microsoft VS Code\bin;C:\Users\hp\AppData\Roaming\npm;C:\Program Files\JetBrains\IntelliJ IDEA Community Edition 2022.3.1\bin;C:\Program Files\Azure Data Studio\bin;D:\src\flutter\bin
USERNAME=hp
DISPLAY=:0.0
LC_ALL=en_US.UTF-8
OS=Windows_NT
PROCESSOR_IDENTIFIER=Intel64 Family 6 Model 142 Stepping 10, GenuineIntel



---------------  S Y S T E M  ---------------

OS: Windows 11 , 64 bit Build 22000 (10.0.22000.1516)
OS uptime: 0 days 1:16 hours

CPU:total 8 (initial active 8) (4 cores per cpu, 2 threads per core) family 6 model 142 stepping 10 microcode 0xe0, cmov, cx8, fxsr, mmx, sse, sse2, sse3, ssse3, sse4.1, sse4.2, popcnt, avx, avx2, aes, clmul, erms, 3dnowpref, lzcnt, ht, tsc, tscinvbit, bmi1, bmi2, adx, fma

Memory: 4k page, system-wide physical 16295M (1485M free)
TotalPageFile size 18343M (AvailPageFile size 145M)
current process WorkingSet (physical memory assigned to process): 10M, peak: 10M
current process commit charge ("private bytes"): 60M, peak: 316M

vm_info: OpenJDK 64-Bit Server VM (11.0.13+0-b1751.21-8125866) for windows-amd64 JRE (11.0.13+0-b1751.21-8125866), built on Feb  2 2022 03:00:22 by "builder" with MS VC++ 14.0 (VS2015)

END.
